<?xml version="1.0" encoding="utf-8"?>
<TestRun id="033857b0-4bdd-4d53-b500-3a78af08a590" name="@marcus-laptop 2026-08-17 01:32:59" xmlns="http://microsoft.com/schemas/VisualStudio/TeamTest/2010">
  <Times creation="2026-08-17T01:32:59.3003897+03:00" queuing="2026-08-17T01:32:59.3003916+03:00" start="2026-08-17T01:25:29.0169601+03:00" finish="2026-08-17T01:32:59.3012350+03:00" />
  <TestSettings name="default" id="82b298f2-e97f-482a-97c3-cece8c511214">
    <Deployment runDeploymentRoot="_marcus-laptop_2026-08-17_01_32_59" />
  </TestSettings>
  <TestLists>
    <TestList name="Results Not in a List" id="8c84fa94-04c1-424b-9868-57a2d4851a1d" />
    <TestList name="All Loaded Results" id="19431567-8539-422a-85d7-44ee4e166bda" />
  </TestLists>
  <ResultSummary outcome="Failed">
    <Counters total="0" executed="0" passed="0" failed="0" error="0" timeout="0" aborted="0" inconclusive="0" passedButRunAborted="0" notRunnable="0" notExecuted="0" disconnected="0" warning="0" completed="0" inProgress="0" pending="0" />
    <Output>
      <StdOut>Waiting for debugger attach...
Process Id: 480572, Name: dotnet
</StdOut>
    </Output>
    <RunInfos>
      <RunInfo computerName="marcus-laptop" outcome="Error" timestamp="2026-08-17T01:32:59.1186982+03:00">
        <Text>vstest.console process failed to connect to testhost process after 450 seconds. This may occur due to machine slowness, please set environment variable VSTEST_CONNECTION_TIMEOUT to increase timeout. The process with id 480572 was still running when this message was reported.</Text>
      </RunInfo>
    </RunInfos>
  </ResultSummary>
</TestRun>